Arguments: 
  /Users/wxk/.nvm/versions/node/v10.14.2/bin/node /Users/wxk/.yarn/bin/yarn.js

PATH: 
  /Users/wxk/.yarn/bin:/Users/wxk/.config/yarn/global/node_modules/.bin:/Users/wxk/.nvm/versions/node/v10.14.2/bin:/Users/wxk/Documents/flutter/bin:/usr/local/bin:/usr/bin:/bin:/usr/sbin:/sbin:/Users/wxk/.yarn/bin:/Users/wxk/.config/yarn/global/node_modules/.bin:/Users/wxk/Documents/flutter/bin:/usr/local/Cellar/go/1.11.1/bin:/usr/local/Cellar/go/1.11.1/bin

Yarn version: 
  1.21.1

Node version: 
  10.14.2

Platform: 
  darwin x64

Trace: 
  SyntaxError: /Users/wxk/Documents/project/birmanjs/birman/packages/bundler-utils/package.json: Unexpected token } in JSON at position 197
      at JSON.parse (<anonymous>)
      at /Users/wxk/.yarn/lib/cli.js:1625:59
      at Generator.next (<anonymous>)
      at step (/Users/wxk/.yarn/lib/cli.js:310:30)
      at /Users/wxk/.yarn/lib/cli.js:321:13

npm manifest: 
  {
    "name": "@birman/bundler-webpack",
    "version": "1.1.0",
    "description": "bundler webpack",
    "main": "index.js",
    "license": "MIT",
    "dependencies": {
      "babel-loader": "^8.0.6",
      "copy-webpack-plugin": "^5.1.1",
      "css-loader": "^3.4.2",
      "file-loader": "^5.1.0",
      "friendly-errors-webpack-plugin": "^1.7.0",
      "less": "^3.11.1",
      "less-loader": "^5.0.0",
      "mini-css-extract-plugin": "^0.9.0",
      "optimize-css-assets-webpack-plugin": "^5.0.3",
      "postcss": "^7.0.27",
      "postcss-flexbugs-fixes": "^4.2.0",
      "postcss-loader": "^3.0.0",
      "postcss-preset-env": "^6.7.0",
      "postcss-safe-parser": "^4.0.2",
      "raw-loader": "^4.0.0",
      "style-loader": "^1.1.3",
      "url-loader": "^3.0.0",
      "webpack": "^4.42.0",
      "webpack-chain": "^6.4.0",
      "webpack-dev-middleware": "^3.7.2",
      "webpack-manifest-plugin": "^2.2.0",
      "webpackbar": "^4.0.0"
    },
    "publishConfig": {
      "access": "public"
    },
    "gitHead": "9563cdddd904a41448d36045971893db7bd8d881"
  }

yarn manifest: 
  No manifest

Lockfile: 
  No lockfile
